Build started 4/23/2016 12:01:53 AM.
     1>Project "C:\Users\100488896\Documents\$OpenGL\OpenGL3.3\OpenGL3.3\OpenGL3.3.vcxproj" on node 2 (Build target(s)).
     1>ClCompile:
         C:\Program Files (x86)\Microsoft Visual Studio 12.0\VC\bin\CL.exe /c /ZI /nologo /W3 /WX- /Od /Oy- /D WIN32 /D _DEBUG /D _CONSOLE /D _LIB /D _UNICODE /D UNICODE /Gm /EHsc /RTC1 /MDd /GS /fp:precise /Zc:wchar_t /Zc:forScope /Fo"Debug\\" /Fd"Debug\vc120.pdb" /Gd /TP /analyze- /errorReport:prompt main.cpp
         main.cpp
     1>c:\users\100488896\documents\$opengl\opengl3.3\opengl3.3\main.cpp(161): warning C4244: 'initializing' : conversion from 'double' to 'GLfloat', possible loss of data
     1>c:\users\100488896\documents\$opengl\opengl3.3\opengl3.3\main.cpp(164): warning C4244: '=' : conversion from 'double' to 'float', possible loss of data
     1>c:\users\100488896\documents\$opengl\opengl3.3\opengl3.3\main.cpp(165): warning C4244: '=' : conversion from 'double' to 'float', possible loss of data
     1>c:\users\100488896\documents\$opengl\opengl3.3\opengl3.3\main.cpp(331): warning C4244: '=' : conversion from 'double' to 'GLfloat', possible loss of data
     1>c:\users\100488896\documents\$opengl\opengl3.3\opengl3.3\main.cpp(332): warning C4244: '=' : conversion from 'double' to 'GLfloat', possible loss of data
     1>c:\users\100488896\documents\$opengl\opengl3.3\opengl3.3\main.cpp(336): warning C4244: 'initializing' : conversion from 'double' to 'GLfloat', possible loss of data
     1>c:\users\100488896\documents\$opengl\opengl3.3\opengl3.3\main.cpp(337): warning C4244: 'initializing' : conversion from 'double' to 'GLfloat', possible loss of data
     1>c:\users\100488896\documents\$opengl\opengl3.3\opengl3.3\main.cpp(339): warning C4244: '=' : conversion from 'double' to 'GLfloat', possible loss of data
     1>c:\users\100488896\documents\$opengl\opengl3.3\opengl3.3\main.cpp(340): warning C4244: '=' : conversion from 'double' to 'GLfloat', possible loss of data
     1>c:\users\100488896\documents\$opengl\opengl3.3\opengl3.3\main.cpp(347): warning C4244: 'argument' : conversion from 'double' to 'GLfloat', possible loss of data
       Link:
         C:\Program Files (x86)\Microsoft Visual Studio 12.0\VC\bin\link.exe /ERRORREPORT:PROMPT /OUT:"C:\Users\100488896\Documents\$OpenGL\OpenGL3.3\Debug\OpenGL3.3.exe" /INCREMENTAL /NOLOGO glew32.lib glew32s.lib glfw3.lib glfw3dll.lib opengl32.lib SOIL.lib kernel32.lib user32.lib gdi32.lib winspool.lib comdlg32.lib advapi32.lib shell32.lib ole32.lib oleaut32.lib uuid.lib odbc32.lib odbccp32.lib /MANIFEST /MANIFESTUAC:"level='asInvoker' uiAccess='false'" /manifest:embed /DEBUG /PDB:"C:\Users\100488896\Documents\$OpenGL\OpenGL3.3\Debug\OpenGL3.3.pdb" /SUBSYSTEM:CONSOLE /TLBID:1 /DYNAMICBASE /NXCOMPAT /IMPLIB:"C:\Users\100488896\Documents\$OpenGL\OpenGL3.3\Debug\OpenGL3.3.lib" /MACHINE:X86 Debug\main.obj
         Debug\Shader.obj
     1>LINK : warning LNK4098: defaultlib 'MSVCRT' conflicts with use of other libs; use /NODEFAULTLIB:library
         OpenGL3.3.vcxproj -> C:\Users\100488896\Documents\$OpenGL\OpenGL3.3\Debug\OpenGL3.3.exe
     1>Done Building Project "C:\Users\100488896\Documents\$OpenGL\OpenGL3.3\OpenGL3.3\OpenGL3.3.vcxproj" (Build target(s)).

Build succeeded.

Time Elapsed 00:00:00.70
